{"numTotalTestSuites":2,"numPassedTestSuites":2,"numFailedTestSuites":0,"numPendingTestSuites":0,"numTotalTests":5,"numPassedTests":4,"numFailedTests":0,"numPendingTests":1,"numTodoTests":0,"snapshot":{"added":0,"failure":false,"filesAdded":0,"filesRemoved":0,"filesRemovedList":[],"filesUnmatched":0,"filesUpdated":0,"matched":0,"total":0,"unchecked":0,"uncheckedKeysByFile":[],"unmatched":0,"updated":0,"didUpdate":false},"startTime":1768858346937,"success":true,"testResults":[{"assertionResults":[{"ancestorTitles":["AuthModal"],"fullName":"AuthModal does not render when isAuthModalOpen is false","status":"passed","title":"does not render when isAuthModalOpen is false","duration":27.631000000000085,"failureMessages":[],"meta":{}},{"ancestorTitles":["AuthModal"],"fullName":"AuthModal renders correctly when open","status":"passed","title":"renders correctly when open","duration":216.74569999999994,"failureMessages":[],"meta":{}},{"ancestorTitles":["AuthModal"],"fullName":"AuthModal formats phone number input","status":"passed","title":"formats phone number input","duration":19.29449999999997,"failureMessages":[],"meta":{}},{"ancestorTitles":["AuthModal"],"fullName":"AuthModal disables button if terms are not accepted","status":"passed","title":"disables button if terms are not accepted","duration":130.29660000000013,"failureMessages":[],"meta":{}},{"ancestorTitles":["AuthModal"],"fullName":"AuthModal calls signInWithDemo when valid phone and terms accepted (Demo Mode)","status":"skipped","title":"calls signInWithDemo when valid phone and terms accepted (Demo Mode)","failureMessages":[],"meta":{}}],"startTime":1768858348985,"endTime":1768858349379.2966,"status":"passed","message":"","name":"C:/Users/Bruno Bogochvol/Documents/GitHub/Nubo/nubo-hub-app/tests/unit/components/AuthModal.test.tsx"}]}