{"numTotalTestSuites":12,"numPassedTestSuites":2,"numFailedTestSuites":10,"numPendingTestSuites":0,"numTotalTests":3,"numPassedTests":1,"numFailedTests":2,"numPendingTests":0,"numTodoTests":0,"snapshot":{"added":0,"failure":false,"filesAdded":0,"filesRemoved":0,"filesRemovedList":[],"filesUnmatched":0,"filesUpdated":0,"matched":0,"total":0,"unchecked":0,"uncheckedKeysByFile":[],"unmatched":0,"updated":0,"didUpdate":false},"startTime":1765289189854,"success":false,"testResults":[{"assertionResults":[],"startTime":1765289189854,"endTime":1765289189854,"status":"failed","message":"Playwright Test did not expect test() to be called here.\nMost common reasons include:\n- You are calling test() in a configuration file.\n- You are calling test() in a file that is imported by the configuration file.\n- You have two different versions of @playwright/test. This usually happens\n  when one of the dependencies in your package.json depends on @playwright/test.","name":"C:/Users/Bruno Bogochvol/Documents/GitHub/Nubo/nubo-hub-app-ag/tests/e2e/example.spec.ts"},{"assertionResults":[],"startTime":1765289189854,"endTime":1765289189854,"status":"failed","message":"Playwright Test did not expect test.describe() to be called here.\nMost common reasons include:\n- You are calling test.describe() in a configuration file.\n- You are calling test.describe() in a file that is imported by the configuration file.\n- You have two different versions of @playwright/test. This usually happens\n  when one of the dependencies in your package.json depends on @playwright/test.","name":"C:/Users/Bruno Bogochvol/Documents/GitHub/Nubo/nubo-hub-app-ag/tests/e2e/login.spec.ts"},{"assertionResults":[{"ancestorTitles":["Example Test"],"fullName":"Example Test should pass","status":"passed","title":"should pass","duration":5.832700000000159,"failureMessages":[],"meta":{}}],"startTime":1765289198295,"endTime":1765289198300.8328,"status":"passed","message":"","name":"C:/Users/Bruno Bogochvol/Documents/GitHub/Nubo/nubo-hub-app-ag/tests/unit/example.test.ts"},{"assertionResults":[],"startTime":1765289189854,"endTime":1765289189854,"status":"failed","message":"Cannot find package '@/types/opportunity' imported from 'C:/Users/Bruno Bogochvol/Documents/GitHub/Nubo/nubo-hub-app-ag/tests/unit/mapper.test.ts'","name":"C:/Users/Bruno Bogochvol/Documents/GitHub/Nubo/nubo-hub-app-ag/tests/unit/mapper.test.ts"},{"assertionResults":[],"startTime":1765289189854,"endTime":1765289189854,"status":"failed","message":"supabaseUrl is required.","name":"C:/Users/Bruno Bogochvol/Documents/GitHub/Nubo/nubo-hub-app-ag/tests/integration/rls/institutions.test.ts"},{"assertionResults":[],"startTime":1765289189854,"endTime":1765289189854,"status":"failed","message":"Missing Supabase environment variables","name":"C:/Users/Bruno Bogochvol/Documents/GitHub/Nubo/nubo-hub-app-ag/tests/integration/rls/opportunities.test.ts"},{"assertionResults":[{"ancestorTitles":["Opportunities Service (Hierarchy)"],"fullName":"Opportunities Service (Hierarchy) should fetch opportunities with nested relations (Institutions -> Campus -> Courses -> Opportunities)","status":"failed","title":"should fetch opportunities with nested relations (Institutions -> Campus -> Courses -> Opportunities)","duration":5013.289199999999,"failureMessages":["Error: STACK_TRACE_ERROR\n    at task (file:///C:/Users/Bruno%20Bogochvol/Documents/GitHub/Nubo/nubo-hub-app-ag/node_modules/@vitest/runner/dist/index.js:796:27)\n    at Object.<anonymous> (file:///C:/Users/Bruno%20Bogochvol/Documents/GitHub/Nubo/nubo-hub-app-ag/node_modules/@vitest/runner/dist/index.js:823:16)\n    at Object.<anonymous> (file:///C:/Users/Bruno%20Bogochvol/Documents/GitHub/Nubo/nubo-hub-app-ag/node_modules/@vitest/runner/dist/index.js:615:28)\n    at chain (file:///C:/Users/Bruno%20Bogochvol/Documents/GitHub/Nubo/nubo-hub-app-ag/node_modules/@vitest/runner/dist/chunk-tasks.js:9:14)\n    at C:/Users/Bruno Bogochvol/Documents/GitHub/Nubo/nubo-hub-app-ag/tests/integration/services/opportunities_hierarchy.test.ts:10:3\n    at file:///C:/Users/Bruno%20Bogochvol/Documents/GitHub/Nubo/nubo-hub-app-ag/node_modules/@vitest/runner/dist/index.js:901:40\n    at runWithSuite (file:///C:/Users/Bruno%20Bogochvol/Documents/GitHub/Nubo/nubo-hub-app-ag/node_modules/@vitest/runner/dist/index.js:1196:8)\n    at Object.collect (file:///C:/Users/Bruno%20Bogochvol/Documents/GitHub/Nubo/nubo-hub-app-ag/node_modules/@vitest/runner/dist/index.js:901:10)\n    at Object.collect (file:///C:/Users/Bruno%20Bogochvol/Documents/GitHub/Nubo/nubo-hub-app-ag/node_modules/@vitest/runner/dist/index.js:905:54)\n    at file:///C:/Users/Bruno%20Bogochvol/Documents/GitHub/Nubo/nubo-hub-app-ag/node_modules/@vitest/runner/dist/index.js:1391:26\n    at collectTests (file:///C:/Users/Bruno%20Bogochvol/Documents/GitHub/Nubo/nubo-hub-app-ag/node_modules/@vitest/runner/dist/index.js:1366:3)\n    at startTests (file:///C:/Users/Bruno%20Bogochvol/Documents/GitHub/Nubo/nubo-hub-app-ag/node_modules/@vitest/runner/dist/index.js:1938:17)\n    at file:///C:/Users/Bruno%20Bogochvol/Documents/GitHub/Nubo/nubo-hub-app-ag/node_modules/vitest/dist/chunks/base.BEv8sRbK.js:86:26\n    at run (file:///C:/Users/Bruno%20Bogochvol/Documents/GitHub/Nubo/nubo-hub-app-ag/node_modules/vitest/dist/chunks/base.BEv8sRbK.js:79:2)\n    at runBaseTests (file:///C:/Users/Bruno%20Bogochvol/Documents/GitHub/Nubo/nubo-hub-app-ag/node_modules/vitest/dist/chunks/base.BEv8sRbK.js:160:2)"],"meta":{}}],"startTime":1765289195581,"endTime":1765289200594.2893,"status":"failed","message":"","name":"C:/Users/Bruno Bogochvol/Documents/GitHub/Nubo/nubo-hub-app-ag/tests/integration/services/opportunities_hierarchy.test.ts"},{"assertionResults":[{"ancestorTitles":["Opportunities Service (Sorting)"],"fullName":"Opportunities Service (Sorting) should sort opportunities with \"prouni\" type first","status":"failed","title":"should sort opportunities with \"prouni\" type first","duration":5008.6693,"failureMessages":["Error: STACK_TRACE_ERROR\n    at task (file:///C:/Users/Bruno%20Bogochvol/Documents/GitHub/Nubo/nubo-hub-app-ag/node_modules/@vitest/runner/dist/index.js:796:27)\n    at Object.<anonymous> (file:///C:/Users/Bruno%20Bogochvol/Documents/GitHub/Nubo/nubo-hub-app-ag/node_modules/@vitest/runner/dist/index.js:823:16)\n    at Object.<anonymous> (file:///C:/Users/Bruno%20Bogochvol/Documents/GitHub/Nubo/nubo-hub-app-ag/node_modules/@vitest/runner/dist/index.js:615:28)\n    at chain (file:///C:/Users/Bruno%20Bogochvol/Documents/GitHub/Nubo/nubo-hub-app-ag/node_modules/@vitest/runner/dist/chunk-tasks.js:9:14)\n    at C:/Users/Bruno Bogochvol/Documents/GitHub/Nubo/nubo-hub-app-ag/tests/integration/services/opportunities_sorting.test.ts:10:3\n    at file:///C:/Users/Bruno%20Bogochvol/Documents/GitHub/Nubo/nubo-hub-app-ag/node_modules/@vitest/runner/dist/index.js:901:40\n    at runWithSuite (file:///C:/Users/Bruno%20Bogochvol/Documents/GitHub/Nubo/nubo-hub-app-ag/node_modules/@vitest/runner/dist/index.js:1196:8)\n    at Object.collect (file:///C:/Users/Bruno%20Bogochvol/Documents/GitHub/Nubo/nubo-hub-app-ag/node_modules/@vitest/runner/dist/index.js:901:10)\n    at Object.collect (file:///C:/Users/Bruno%20Bogochvol/Documents/GitHub/Nubo/nubo-hub-app-ag/node_modules/@vitest/runner/dist/index.js:905:54)\n    at file:///C:/Users/Bruno%20Bogochvol/Documents/GitHub/Nubo/nubo-hub-app-ag/node_modules/@vitest/runner/dist/index.js:1391:26\n    at collectTests (file:///C:/Users/Bruno%20Bogochvol/Documents/GitHub/Nubo/nubo-hub-app-ag/node_modules/@vitest/runner/dist/index.js:1366:3)\n    at startTests (file:///C:/Users/Bruno%20Bogochvol/Documents/GitHub/Nubo/nubo-hub-app-ag/node_modules/@vitest/runner/dist/index.js:1938:17)\n    at file:///C:/Users/Bruno%20Bogochvol/Documents/GitHub/Nubo/nubo-hub-app-ag/node_modules/vitest/dist/chunks/base.BEv8sRbK.js:86:26\n    at run (file:///C:/Users/Bruno%20Bogochvol/Documents/GitHub/Nubo/nubo-hub-app-ag/node_modules/vitest/dist/chunks/base.BEv8sRbK.js:79:2)\n    at runBaseTests (file:///C:/Users/Bruno%20Bogochvol/Documents/GitHub/Nubo/nubo-hub-app-ag/node_modules/vitest/dist/chunks/base.BEv8sRbK.js:160:2)"],"meta":{}}],"startTime":1765289195539,"endTime":1765289200547.6692,"status":"failed","message":"","name":"C:/Users/Bruno Bogochvol/Documents/GitHub/Nubo/nubo-hub-app-ag/tests/integration/services/opportunities_sorting.test.ts"},{"assertionResults":[],"startTime":1765289189854,"endTime":1765289189854,"status":"failed","message":"Cannot find package '@/components/OpportunityCard' imported from 'C:/Users/Bruno Bogochvol/Documents/GitHub/Nubo/nubo-hub-app-ag/tests/unit/components/OpportunityCard.test.tsx'","name":"C:/Users/Bruno Bogochvol/Documents/GitHub/Nubo/nubo-hub-app-ag/tests/unit/components/OpportunityCard.test.tsx"}]}