{"numTotalTestSuites":13,"numPassedTestSuites":4,"numFailedTestSuites":9,"numPendingTestSuites":0,"numTotalTests":5,"numPassedTests":3,"numFailedTests":2,"numPendingTests":0,"numTodoTests":0,"snapshot":{"added":0,"failure":false,"filesAdded":0,"filesRemoved":0,"filesRemovedList":[],"filesUnmatched":0,"filesUpdated":0,"matched":0,"total":0,"unchecked":0,"uncheckedKeysByFile":[],"unmatched":0,"updated":0,"didUpdate":false},"startTime":1765291804965,"success":false,"testResults":[{"assertionResults":[],"startTime":1765291804965,"endTime":1765291804965,"status":"failed","message":"Playwright Test did not expect test() to be called here.\nMost common reasons include:\n- You are calling test() in a configuration file.\n- You are calling test() in a file that is imported by the configuration file.\n- You have two different versions of @playwright/test. This usually happens\n  when one of the dependencies in your package.json depends on @playwright/test.","name":"C:/Users/Bruno Bogochvol/Documents/GitHub/Nubo/nubo-hub-app-ag/tests/e2e/example.spec.ts"},{"assertionResults":[],"startTime":1765291804965,"endTime":1765291804965,"status":"failed","message":"Playwright Test did not expect test.describe() to be called here.\nMost common reasons include:\n- You are calling test.describe() in a configuration file.\n- You are calling test.describe() in a file that is imported by the configuration file.\n- You have two different versions of @playwright/test. This usually happens\n  when one of the dependencies in your package.json depends on @playwright/test.","name":"C:/Users/Bruno Bogochvol/Documents/GitHub/Nubo/nubo-hub-app-ag/tests/e2e/login.spec.ts"},{"assertionResults":[{"ancestorTitles":["Example Test"],"fullName":"Example Test should pass","status":"passed","title":"should pass","duration":6.4054000000001,"failureMessages":[],"meta":{}}],"startTime":1765291826859,"endTime":1765291826865.4055,"status":"passed","message":"","name":"C:/Users/Bruno Bogochvol/Documents/GitHub/Nubo/nubo-hub-app-ag/tests/unit/example.test.ts"},{"assertionResults":[{"ancestorTitles":["mapToOpportunity"],"fullName":"mapToOpportunity should correctly map nested data to flat UI model","status":"passed","title":"should correctly map nested data to flat UI model","duration":18.949399999999514,"failureMessages":[],"meta":{}},{"ancestorTitles":["mapToOpportunity"],"fullName":"mapToOpportunity should handle missing relations gracefully","status":"passed","title":"should handle missing relations gracefully","duration":1.4254000000000815,"failureMessages":[],"meta":{}}],"startTime":1765291821385,"endTime":1765291821407.4253,"status":"passed","message":"","name":"C:/Users/Bruno Bogochvol/Documents/GitHub/Nubo/nubo-hub-app-ag/tests/unit/mapper.test.ts"},{"assertionResults":[],"startTime":1765291804965,"endTime":1765291804965,"status":"failed","message":"supabaseUrl is required.","name":"C:/Users/Bruno Bogochvol/Documents/GitHub/Nubo/nubo-hub-app-ag/tests/integration/rls/institutions.test.ts"},{"assertionResults":[],"startTime":1765291804965,"endTime":1765291804965,"status":"failed","message":"Missing Supabase environment variables","name":"C:/Users/Bruno Bogochvol/Documents/GitHub/Nubo/nubo-hub-app-ag/tests/integration/rls/opportunities.test.ts"},{"assertionResults":[{"ancestorTitles":["Opportunities Service (Hierarchy)"],"fullName":"Opportunities Service (Hierarchy) should fetch opportunities with nested relations (Institutions -> Campus -> Courses -> Opportunities)","status":"failed","title":"should fetch opportunities with nested relations (Institutions -> Campus -> Courses -> Opportunities)","duration":1056.3858,"failureMessages":["AssertionError: expected undefined to be defined\n    at C:/Users/Bruno Bogochvol/Documents/GitHub/Nubo/nubo-hub-app-ag/tests/integration/services/opportunities_hierarchy.test.ts:41:33\n    at processTicksAndRejections (node:internal/process/task_queues:95:5)\n    at file:///C:/Users/Bruno%20Bogochvol/Documents/GitHub/Nubo/nubo-hub-app-ag/node_modules/@vitest/runner/dist/index.js:919:20"],"meta":{}}],"startTime":1765291820899,"endTime":1765291821955.3857,"status":"failed","message":"","name":"C:/Users/Bruno Bogochvol/Documents/GitHub/Nubo/nubo-hub-app-ag/tests/integration/services/opportunities_hierarchy.test.ts"},{"assertionResults":[{"ancestorTitles":["Opportunities Service (Sorting)"],"fullName":"Opportunities Service (Sorting) should sort opportunities with \"prouni\" type first","status":"failed","title":"should sort opportunities with \"prouni\" type first","duration":1285.2533999999996,"failureMessages":["AssertionError: expected true to be false // Object.is equality\n    at C:/Users/Bruno Bogochvol/Documents/GitHub/Nubo/nubo-hub-app-ag/tests/integration/services/opportunities_sorting.test.ts:55:32\n    at processTicksAndRejections (node:internal/process/task_queues:95:5)\n    at file:///C:/Users/Bruno%20Bogochvol/Documents/GitHub/Nubo/nubo-hub-app-ag/node_modules/@vitest/runner/dist/index.js:919:20"],"meta":{}}],"startTime":1765291820631,"endTime":1765291821916.2534,"status":"failed","message":"","name":"C:/Users/Bruno Bogochvol/Documents/GitHub/Nubo/nubo-hub-app-ag/tests/integration/services/opportunities_sorting.test.ts"},{"assertionResults":[],"startTime":1765291804965,"endTime":1765291804965,"status":"failed","message":"Cannot find package '@/components/OpportunityCard' imported from 'C:/Users/Bruno Bogochvol/Documents/GitHub/Nubo/nubo-hub-app-ag/tests/unit/components/OpportunityCard.test.tsx'","name":"C:/Users/Bruno Bogochvol/Documents/GitHub/Nubo/nubo-hub-app-ag/tests/unit/components/OpportunityCard.test.tsx"}]}